Arguments: 
  /usr/local/bin/node /usr/local/bin/yarn i

PATH: 
  /usr/local/bin:/usr/bin:/bin:/usr/sbin:/sbin

Yarn version: 
  1.22.19

Node version: 
  18.16.1

Platform: 
  darwin x64

Trace: 
  SyntaxError: /Users/KOSS/Google Диск/GOIT/Github/GoIT JS Course/goit-node-hw-01/package.json: Unexpected token } in JSON at position 336
      at JSON.parse (<anonymous>)
      at /usr/local/lib/node_modules/yarn/lib/cli.js:1629:59
      at Generator.next (<anonymous>)
      at step (/usr/local/lib/node_modules/yarn/lib/cli.js:310:30)
      at /usr/local/lib/node_modules/yarn/lib/cli.js:321:13

npm manifest: 
  {
    "name": "goit-node-hw-01",
    "version": "1.0.0",
    "description": "",
    "main": "index.js",
    "scripts": {
      "test": "echo \"Error: no test specified\" && exit 1",
      "start": "node index",
      "dev": "nodemon index"
    },
    "keywords": [],
    "author": "",
    "license": "ISC",
    "devDependencies": {
      "nodemon": "^2.0.22"
    },
  }

yarn manifest: 
  No manifest

Lockfile: 
  No lockfile
